<?xml version="1.0" encoding="UTF-8"?>
<!-- Generated by org.testng.reporters.JUnitReportReporter -->
<testsuite hostname="DESKTOP-246538C" failures="0" tests="1" name="SeleniumFramework.homePageNavigation" time="4.137" errors="0" timestamp="2021-10-06T00:44:57 IST" skipped="0">
  <testcase classname="SeleniumFramework.homePageNavigation" name="initialNavigation" time="4.137"/>
  <system-out/>
</testsuite> <!-- SeleniumFramework.homePageNavigation -->
