<?xml version="1.0" encoding="UTF-8"?>
<!-- Generated by org.testng.reporters.JUnitReportReporter -->
<testsuite hostname="DESKTOP-246538C" failures="0" tests="2" name="SeleniumFramework.textNGparameterizing" time="6.171" errors="0" timestamp="2021-10-06T00:44:57 IST" skipped="0">
  <testcase classname="SeleniumFramework.textNGparameterizing" name="initialNavigation" time="4.295"/>
  <system-out/>
  <testcase classname="SeleniumFramework.textNGparameterizing" name="initialNavigation" time="1.876"/>
  <system-out/>
</testsuite> <!-- SeleniumFramework.textNGparameterizing -->
