<?xml version="1.0" encoding="UTF-8"?>
<!-- Generated by org.testng.reporters.JUnitReportReporter -->
<testsuite hostname="DESKTOP-246538C" failures="0" tests="2" name="SeleniumFramework.textNGparameterizing" time="6.764" errors="0" timestamp="2021-10-05T11:32:11 IST" skipped="0">
  <testcase classname="SeleniumFramework.textNGparameterizing" name="initialNavigation" time="5.394"/>
  <system-out/>
  <testcase classname="SeleniumFramework.textNGparameterizing" name="initialNavigation" time="1.370"/>
  <system-out/>
</testsuite> <!-- SeleniumFramework.textNGparameterizing -->
