<?xml version="1.0" encoding="UTF-8"?>
<!-- Generated by org.testng.reporters.JUnitReportReporter -->
<testsuite hostname="DESKTOP-246538C" failures="0" tests="1" name="SeleniumFramework.Assertion" time="0.058" errors="0" timestamp="2021-10-05T11:32:11 IST" skipped="0">
  <testcase classname="SeleniumFramework.Assertion" name="assertionTest" time="0.058"/>
  <system-out/>
</testsuite> <!-- SeleniumFramework.Assertion -->
