<?xml version="1.0" encoding="UTF-8"?>
<!-- Generated by org.testng.reporters.JUnitReportReporter -->
<testsuite hostname="DESKTOP-246538C" failures="0" tests="1" name="SeleniumFramework.homePageNavigation" time="5.393" errors="0" timestamp="2021-10-05T11:32:11 IST" skipped="0">
  <testcase classname="SeleniumFramework.homePageNavigation" name="initialNavigation" time="5.393"/>
  <system-out/>
</testsuite> <!-- SeleniumFramework.homePageNavigation -->
